3-say_my_name.py test mode


Importing function say_my_name from module

    >>> say_my_name = __import__("3-say_my_name").say_my_name

Test case 1:

    >>> say_my_name("jane", "doe")
    My name is jane doe

Test case 2:

    >>> say_my_name("jane")
    My name is jane 

Test case 3:

    >>> say_my_name(1, "doe")
    Traceback (most recent call last):
    ...
    TypeError: first_name must be a string

Test case 4:

    >>> say_my_name("jane", 5)
    Traceback (most recent call last):
    ...
    TypeError: last_name must be a string

Test case 5:

    >>> say_my_name()
    Traceback (most recent call last):
    ...
    TypeError: say_my_name() missing 1 required positional argument: 'first_name'


